<?xml version="1.0" encoding="UTF-8"?>
<testsuite name="com.ritikthakur.rtcalc.ui.viewmodel.CalculatorViewModelTest" tests="6" skipped="0" failures="0" errors="0" timestamp="2026-05-29T12:46:00" hostname="admin" time="1.606">
  <properties/>
  <testcase name="testDeleteBehavior" classname="com.ritikthakur.rtcalc.ui.viewmodel.CalculatorViewModelTest" time="1.554"/>
  <testcase name="testSecondOperandMultiDigitEntry" classname="com.ritikthakur.rtcalc.ui.viewmodel.CalculatorViewModelTest" time="0.01"/>
  <testcase name="testDecimalClickAppendsDot" classname="com.ritikthakur.rtcalc.ui.viewmodel.CalculatorViewModelTest" time="0.01"/>
  <testcase name="testClearResetsValues" classname="com.ritikthakur.rtcalc.ui.viewmodel.CalculatorViewModelTest" time="0.009"/>
  <testcase name="testStateRestoration" classname="com.ritikthakur.rtcalc.ui.viewmodel.CalculatorViewModelTest" time="0.013"/>
  <testcase name="testFirstOperandMultiDigitEntry" classname="com.ritikthakur.rtcalc.ui.viewmodel.CalculatorViewModelTest" time="0.008"/>
  <system-out><![CDATA[]]></system-out>
  <system-err><![CDATA[]]></system-err>
</testsuite>
