<?xml version="1.0" encoding="UTF-8"?>
<testsuite name="com.ritikthakur.rtcalc.ui.viewmodel.CalculatorViewModelTest" tests="8" skipped="0" failures="0" errors="0" timestamp="2026-05-29T13:58:54" hostname="admin" time="1.678">
  <properties/>
  <testcase name="testDeleteBehavior" classname="com.ritikthakur.rtcalc.ui.viewmodel.CalculatorViewModelTest" time="1.58"/>
  <testcase name="testSecondOperandMultiDigitEntry" classname="com.ritikthakur.rtcalc.ui.viewmodel.CalculatorViewModelTest" time="0.012"/>
  <testcase name="testDecimalClickAppendsDot" classname="com.ritikthakur.rtcalc.ui.viewmodel.CalculatorViewModelTest" time="0.013"/>
  <testcase name="testHistorySearchQueryFiltering" classname="com.ritikthakur.rtcalc.ui.viewmodel.CalculatorViewModelTest" time="0.014"/>
  <testcase name="testStateRestoration" classname="com.ritikthakur.rtcalc.ui.viewmodel.CalculatorViewModelTest" time="0.02"/>
  <testcase name="testMemoryOperations" classname="com.ritikthakur.rtcalc.ui.viewmodel.CalculatorViewModelTest" time="0.013"/>
  <testcase name="testFirstOperandMultiDigitEntry" classname="com.ritikthakur.rtcalc.ui.viewmodel.CalculatorViewModelTest" time="0.012"/>
  <testcase name="testScientificFunctionsAppendsCorrectly" classname="com.ritikthakur.rtcalc.ui.viewmodel.CalculatorViewModelTest" time="0.012"/>
  <system-out><![CDATA[]]></system-out>
  <system-err><![CDATA[]]></system-err>
</testsuite>
